Exporter version: 2.93.5, Blender version: 3.6.5
========= Conversion from Blender to Babylon.js =========
	Scene settings used :
		Inline textures     :  false
		Material Type       :  PBR
		Positions Precision :  4
		Normals Precision   :  3
		UVs Precision       :  3
		Vert Color Precision:  3
		Mat Weight Precision:  2
		Keep Z-up r-handed  :  no
		Texture directory   :  C:\Users\chalex0\Documents\GitHub\LegacyShell\src\shared-static\models\
	Python World class constructor completed
	WARNING: No active camera has been assigned, or is not in a currently enabled collection
	processing begun of skeleton:  itemSkeleton, id:  0
		processing begun of bone:  bone, index:  0
	processing begun of mesh:  spatula
		WARNING: No materials have been assigned: 
		num positions      :  126
		num normals        :  126
		num tangents       :  504
		num uvs            :  0
		num uvs2           :  0
		num colors         :  504
		num triangles      :  104
		Skeleton stats:  
			Total Influencers:  126
			Avg # of influencers per vertex:  1
			Highest # of influencers observed:  1, num vertices with this:  126
			exported as 1 influencers
			num skeletonWeights and skeletonIndices:  504
	processing begun of mesh:  grenadeItem
		WARNING: No materials have been assigned: 
		num positions      :  71
		num normals        :  71
		num tangents       :  284
		num uvs            :  0
		num uvs2           :  0
		num colors         :  284
		num triangles      :  86
		Skeleton stats:  
			Total Influencers:  71
			Avg # of influencers per vertex:  1
			Highest # of influencers observed:  1, num vertices with this:  71
			exported as 1 influencers
			num skeletonWeights and skeletonIndices:  284
	processing begun of mesh:  ammo
		WARNING: No materials have been assigned: 
		num positions      :  276
		num normals        :  276
		num tangents       :  1104
		num uvs            :  0
		num uvs2           :  0
		num colors         :  1104
		num triangles      :  222
		Skeleton stats:  
			Total Influencers:  276
			Avg # of influencers per vertex:  1
			Highest # of influencers observed:  1, num vertices with this:  276
			exported as 1 influencers
			num skeletonWeights and skeletonIndices:  1104
	processing begun of mesh:  healthpack.alt
		processing begun of material:  Default OBJ.002
		processing begun of material:  Default OBJ.003
		processing begun of multimaterial:  items.Multimaterial#0
		num positions      :  580
		num normals        :  580
		num tangents       :  2320
		num uvs            :  0
		num uvs2           :  0
		num colors         :  2320
		num triangles      :  536
	processing begun of mesh:  healthpack
		processing begun of material:  Default OBJ.001
		processing begun of material:  Default OBJ
		processing begun of multimaterial:  items.Multimaterial#1
		num positions      :  580
		num normals        :  580
		num tangents       :  2320
		num uvs            :  0
		num uvs2           :  0
		num colors         :  2320
		num triangles      :  536
========= Writing of JSON file started =========
	writing mesh:  spatula
	writing mesh:  grenadeItem
	writing mesh:  ammo
	writing mesh:  healthpack.alt
	writing mesh:  healthpack
========= Writing of JSON file completed =========
========= end of processing =========
elapsed time:  0 min, 0.1456 secs
